<?xml version="1.0" encoding="UTF-8"?>
<testsuites name="Jest Tests" tests="5" failures="0" errors="0" time="4.413">
  <testsuite name="Story Promo Link Contents" errors="0" failures="0" skipped="0" timestamp="2021-11-15T16:43:05" time="2.886" tests="5">
    <testcase classname="Story Promo Link Contents should render a story&apos;s headline as bare text" name="Story Promo Link Contents should render a story&apos;s headline as bare text" time="0.015">
    </testcase>
    <testcase classname="Story Promo Link Contents should render overtyped headline if provided" name="Story Promo Link Contents should render overtyped headline if provided" time="0.003">
    </testcase>
    <testcase classname="Story Promo Link Contents should render with visually hidden text for media promos" name="Story Promo Link Contents should render with visually hidden text for media promos" time="0.013">
    </testcase>
    <testcase classname="Story Promo Link Contents should render with visually hidden text for media with overtyped headline" name="Story Promo Link Contents should render with visually hidden text for media with overtyped headline" time="0.004">
    </testcase>
    <testcase classname="Story Promo Link Contents should render with visually hidden text for photogallery promos" name="Story Promo Link Contents should render with visually hidden text for photogallery promos" time="0.003">
    </testcase>
  </testsuite>
</testsuites>