<?xml version="1.0" encoding="UTF-8"?>
<testsuites name="Jest Tests" tests="5" failures="1" errors="0" time="6.447">
  <testsuite name="Story Promo Link Contents" errors="0" failures="1" skipped="0" timestamp="2021-11-15T16:41:43" time="5.288" tests="5">
    <testcase classname="Story Promo Link Contents should render a story&apos;s headline as bare text" name="Story Promo Link Contents should render a story&apos;s headline as bare text" time="0.017">
    </testcase>
    <testcase classname="Story Promo Link Contents should render overtyped headline if provided" name="Story Promo Link Contents should render overtyped headline if provided" time="0.004">
      <failure>Error: expect(received).toEqual(expected) // deep equality

Expected: &quot;Overtyped headline&quot;
Received: &quot;&lt;span&gt;Overtyped headline&lt;/span&gt;&quot;
    at Object.&lt;anonymous&gt; (/Users/russod01/Programming/simorgh/src/app/containers/StoryPromo/LinkContents/index.test.jsx:97:33)
    at Object.asyncJestTest (/Users/russod01/Programming/simorgh/node_modules/jest-jasmine2/build/jasmineAsyncInstall.js:106:37)
    at /Users/russod01/Programming/simorgh/node_modules/jest-jasmine2/build/queueRunner.js:45:12
    at new Promise (&lt;anonymous&gt;)
    at mapper (/Users/russod01/Programming/simorgh/node_modules/jest-jasmine2/build/queueRunner.js:28:19)
    at /Users/russod01/Programming/simorgh/node_modules/jest-jasmine2/build/queueRunner.js:75:41</failure>
    </testcase>
    <testcase classname="Story Promo Link Contents should render with visually hidden text for media promos" name="Story Promo Link Contents should render with visually hidden text for media promos" time="0.014">
    </testcase>
    <testcase classname="Story Promo Link Contents should render with visually hidden text for media with overtyped headline" name="Story Promo Link Contents should render with visually hidden text for media with overtyped headline" time="0.003">
    </testcase>
    <testcase classname="Story Promo Link Contents should render with visually hidden text for photogallery promos" name="Story Promo Link Contents should render with visually hidden text for photogallery promos" time="0.003">
    </testcase>
  </testsuite>
</testsuites>